<?xml version="1.0" encoding="UTF-8"?>
<!-- Generated by org.testng.reporters.JUnitReportReporter -->
<testsuite hostname="Gesus" failures="0" tests="1" name="com.itlearn.TestCases.DashBoardTestCase" time="16.814" errors="0" timestamp="2024-04-12T13:22:56 IST" skipped="0">
  <testcase classname="com.itlearn.TestCases.DashBoardTestCase" name="dashboardTestCase" time="16.814"/>
</testsuite> <!-- com.itlearn.TestCases.DashBoardTestCase -->
