<?xml version="1.0" encoding="UTF-8"?>
<!-- Generated by org.testng.reporters.JUnitReportReporter -->
<testsuite hostname="Gesus" failures="0" tests="1" name="com.itlearn.TestCases.TestCaseDemo" time="0.009" errors="0" timestamp="2024-04-10T10:34:59 IST" skipped="0">
  <testcase classname="com.itlearn.TestCases.TestCaseDemo" name="testcheck" time="0.009"/>
</testsuite> <!-- com.itlearn.TestCases.TestCaseDemo -->
